2022-07-22 04:10:36,118 [INFO] Activator:177 - 


2022-07-22 04:10:36,127 [INFO] Activator:178 - !SESSION log4j initialized
2022-07-22 04:10:45,945 [INFO] McuFinderGlobals:39 - Set McuFinder mode to 2 (CubeIDE integrated)
2022-07-22 04:10:46,099 [INFO] ApplicationProperties:181 - Using Application install path: C:\ST\STM32CubeIDE_1.9.0\STM32CubeIDE\plugins\com.st.stm32cube.common.mx_6.5.0.202202251913
2022-07-22 04:10:46,122 [INFO] DbMcusXml:72 - Set database path to: C:\ST\STM32CubeIDE_1.9.0\STM32CubeIDE\plugins\com.st.stm32cube.common.mx_6.5.0.202202251913\\db\/mcu/
2022-07-22 04:10:46,123 [INFO] ApiDb:260 - Set plugin database path to: C:\ST\STM32CubeIDE_1.9.0\STM32CubeIDE\plugins\com.st.stm32cube.common.mx_6.5.0.202202251913\\db\/plugins/boardmanager/
2022-07-22 04:10:46,129 [WARN] ApiDb:245 - Overriding images path with different value:  => C:\ST\STM32CubeIDE_1.9.0\STM32CubeIDE\plugins\com.st.stm32cube.common.mx_6.5.0.202202251913\\db\/plugins/mcufinder/images/
2022-07-22 04:10:46,151 [INFO] ApiDb:226 - Set database path to: C:\Users\MY COMPUTER\.stmcufinder\plugins\mcufinder//mcu/
2022-07-22 04:10:46,154 [INFO] DbMcusAds:119 - Set database path to: C:\Users\MY COMPUTER\.stmcufinder\plugins\mcufinder//mcu/
2022-07-22 04:10:46,862 [INFO] CrossReferenceDbSqlite:196 - Set database path to: C:\Users\MY COMPUTER\.stmcufinder\plugins\mcufinder//mcu/cs/
2022-07-22 04:10:47,033 [INFO] RulesReader:57 - Compatibility file has been processed (281 Rules)
2022-07-22 04:10:47,179 [INFO] DbMcusXml:72 - Set database path to: C:\ST\STM32CubeIDE_1.9.0\STM32CubeIDE\plugins\com.st.stm32cube.common.mx_6.5.0.202202251913\\db\/mcu/
2022-07-22 04:10:47,180 [INFO] ApiDb:260 - Set plugin database path to: C:\ST\STM32CubeIDE_1.9.0\STM32CubeIDE\plugins\com.st.stm32cube.common.mx_6.5.0.202202251913\\db\/plugins/boardmanager/
2022-07-22 04:10:47,181 [INFO] ApiDb:247 - Set plugin images path to: C:\ST\STM32CubeIDE_1.9.0\STM32CubeIDE\plugins\com.st.stm32cube.common.mx_6.5.0.202202251913\\db\/plugins/mcufinder/images/
2022-07-22 04:10:47,182 [WARN] DbFile:35 - Overriding database path with different value: C:\Users\MY COMPUTER\.stmcufinder\plugins\mcufinder/ => C:\Users\MY COMPUTER\.stmcufinder\plugins\mcufinder
2022-07-22 04:10:47,183 [INFO] ApiDb:226 - Set database path to: C:\Users\MY COMPUTER\.stmcufinder\plugins\mcufinder//mcu/
2022-07-22 04:10:47,183 [WARN] DbFile:35 - Overriding database path with different value: C:\Users\MY COMPUTER\.stmcufinder\plugins\mcufinder/ => C:\Users\MY COMPUTER\.stmcufinder\plugins\mcufinder
2022-07-22 04:10:47,183 [INFO] DbMcusAds:119 - Set database path to: C:\Users\MY COMPUTER\.stmcufinder\plugins\mcufinder//mcu/
2022-07-22 04:10:47,186 [WARN] DbFile:35 - Overriding database path with different value: C:\Users\MY COMPUTER\.stmcufinder\plugins\mcufinder/ => C:\Users\MY COMPUTER\.stmcufinder\plugins\mcufinder
2022-07-22 04:10:47,186 [WARN] DbFile:35 - Overriding database path with different value: C:\Users\MY COMPUTER\.stmcufinder\plugins\mcufinder/ => C:\Users\MY COMPUTER\.stmcufinder\plugins\mcufinder
2022-07-22 04:10:47,872 [INFO] CrossReferenceDbSqlite:196 - Set database path to: C:\Users\MY COMPUTER\.stmcufinder\plugins\mcufinder//mcu/cs/
2022-07-22 04:10:47,973 [INFO] MainPanel:230 - HeapMemory: 268435456
2022-07-22 04:10:48,087 [INFO] DbMcusXml:72 - Set database path to: C:\ST\STM32CubeIDE_1.9.0\STM32CubeIDE\plugins\com.st.stm32cube.common.mx_6.5.0.202202251913\\db\/mcu/
2022-07-22 04:10:48,087 [INFO] ApiDb:260 - Set plugin database path to: C:\ST\STM32CubeIDE_1.9.0\STM32CubeIDE\plugins\com.st.stm32cube.common.mx_6.5.0.202202251913\\db\/plugins/boardmanager/
2022-07-22 04:10:48,087 [INFO] ApiDb:247 - Set plugin images path to: C:\ST\STM32CubeIDE_1.9.0\STM32CubeIDE\plugins\com.st.stm32cube.common.mx_6.5.0.202202251913\\db\/plugins/mcufinder/images/
2022-07-22 04:10:48,088 [WARN] DbFile:35 - Overriding database path with different value: C:\Users\MY COMPUTER\.stmcufinder\plugins\mcufinder/ => C:\Users\MY COMPUTER\.stmcufinder\plugins\mcufinder
2022-07-22 04:10:48,089 [INFO] ApiDb:226 - Set database path to: C:\Users\MY COMPUTER\.stmcufinder\plugins\mcufinder//mcu/
2022-07-22 04:10:48,089 [WARN] DbFile:35 - Overriding database path with different value: C:\Users\MY COMPUTER\.stmcufinder\plugins\mcufinder/ => C:\Users\MY COMPUTER\.stmcufinder\plugins\mcufinder
2022-07-22 04:10:48,090 [INFO] DbMcusAds:119 - Set database path to: C:\Users\MY COMPUTER\.stmcufinder\plugins\mcufinder//mcu/
2022-07-22 04:10:48,090 [WARN] DbFile:35 - Overriding database path with different value: C:\Users\MY COMPUTER\.stmcufinder\plugins\mcufinder/ => C:\Users\MY COMPUTER\.stmcufinder\plugins\mcufinder
2022-07-22 04:10:48,090 [WARN] DbFile:35 - Overriding database path with different value: C:\Users\MY COMPUTER\.stmcufinder\plugins\mcufinder/ => C:\Users\MY COMPUTER\.stmcufinder\plugins\mcufinder
2022-07-22 04:10:48,863 [INFO] CrossReferenceDbSqlite:196 - Set database path to: C:\Users\MY COMPUTER\.stmcufinder\plugins\mcufinder//mcu/cs/
2022-07-22 04:10:48,904 [INFO] ApplicationProperties:181 - Using Application install path: C:\ST\STM32CubeIDE_1.9.0\STM32CubeIDE\plugins\com.st.stm32cube.common.mx_6.5.0.202202251913
2022-07-22 04:10:48,906 [INFO] PluginManage:188 - Search for loadable plugins [exclusion list=, ]
2022-07-22 04:10:48,908 [INFO] PluginManage:302 - Check plugin analytics
2022-07-22 04:10:49,964 [INFO] AnalyticsPlugin:257 - Accepted Software Licenses: 
2022-07-22 04:10:49,965 [INFO] AnalyticsPlugin:259 - Accepted CMSIS Pack Licenses: 
2022-07-22 04:10:49,965 [INFO] AnalyticsPlugin:261 - Accepted Firmware Licenses: 
2022-07-22 04:10:49,984 [INFO] PluginManage:352 - Loaded plugin analytics (category:tool,tabindex:-1)
2022-07-22 04:10:49,984 [INFO] PluginManage:302 - Check plugin clock
2022-07-22 04:10:49,999 [INFO] PluginManage:352 - Loaded plugin clock (category:base,tabindex:2)
2022-07-22 04:10:50,000 [INFO] PluginManage:302 - Check plugin ddr
2022-07-22 04:10:50,003 [INFO] PluginManage:352 - Loaded plugin ddr (category:tool,tabindex:6)
2022-07-22 04:10:50,003 [INFO] PluginManage:302 - Check plugin filemanager
2022-07-22 04:10:50,180 [INFO] PluginManage:352 - Loaded plugin filemanager (category:base,tabindex:10)
2022-07-22 04:10:50,180 [INFO] PluginManage:302 - Check plugin ipmanager
2022-07-22 04:10:50,193 [INFO] PluginManage:352 - Loaded plugin ipmanager (category:base,tabindex:5)
2022-07-22 04:10:50,193 [INFO] PluginManage:302 - Check plugin lpbam
2022-07-22 04:10:50,208 [INFO] PluginManage:352 - Loaded plugin lpbam (category:base,tabindex:0)
2022-07-22 04:10:50,208 [INFO] PluginManage:302 - Check plugin pinoutandconfiguration
2022-07-22 04:10:50,217 [INFO] PluginManage:352 - Loaded plugin pinoutandconfiguration (category:base,tabindex:1)
2022-07-22 04:10:50,217 [INFO] PluginManage:302 - Check plugin pinoutconfig
2022-07-22 04:10:50,261 [INFO] PluginManage:352 - Loaded plugin pinoutconfig (category:base,tabindex:0)
2022-07-22 04:10:50,261 [INFO] PluginManage:302 - Check plugin power
2022-07-22 04:10:50,274 [INFO] PluginManage:352 - Loaded plugin power (category:power,tabindex:4)
2022-07-22 04:10:50,275 [INFO] PluginManage:302 - Check plugin projectmanager
2022-07-22 04:10:50,298 [INFO] PluginManage:352 - Loaded plugin projectmanager (category:projectmanager,tabindex:3)
2022-07-22 04:10:50,299 [INFO] PluginManage:302 - Check plugin thirdparty
2022-07-22 04:10:50,459 [INFO] PluginManage:352 - Loaded plugin thirdparty (category:base,tabindex:-1)
2022-07-22 04:10:50,460 [INFO] PluginManage:302 - Check plugin tools
2022-07-22 04:10:50,462 [WARN] IntegrityCheckThread:78 - waiting for thirdparty lock release [integrity check]
2022-07-22 04:10:50,463 [INFO] IntegrityCheckThread:80 - entering critical section [integrity check]
2022-07-22 04:10:50,464 [INFO] PluginManage:352 - Loaded plugin tools (category:base,tabindex:7)
2022-07-22 04:10:50,464 [INFO] PluginManage:302 - Check plugin tutovideos
2022-07-22 04:10:50,468 [INFO] ThirdPartyUpdaterWithRetryManager:66 - Updater plugin not ready yet. [1/15]
2022-07-22 04:10:50,714 [INFO] PluginManage:352 - Loaded plugin tutovideos (category:base,tabindex:-1)
2022-07-22 04:10:50,715 [INFO] PluginManage:302 - Check plugin updater
2022-07-22 04:10:50,732 [INFO] PluginManage:352 - Loaded plugin updater (category:base,tabindex:12)
2022-07-22 04:10:50,733 [INFO] PluginManage:275 - PluginManage : Loaded plugins [14]
2022-07-22 04:10:51,112 [INFO] PinOutPanel:1465 - setPackage(No Configuration,No Configuration)
2022-07-22 04:10:51,244 [INFO] IPUIPlugin:75 - create IPUIPlugin
2022-07-22 04:10:51,245 [INFO] PluginManager:213 - loadIPPluginJar : add adc
2022-07-22 04:10:51,249 [INFO] IPUIPlugin:75 - create IPUIPlugin
2022-07-22 04:10:51,249 [INFO] PluginManager:213 - loadIPPluginJar : add aes
2022-07-22 04:10:51,254 [INFO] IPUIPlugin:75 - create IPUIPlugin
2022-07-22 04:10:51,255 [INFO] PluginManager:213 - loadIPPluginJar : add can
2022-07-22 04:10:51,258 [INFO] IPUIPlugin:75 - create IPUIPlugin
2022-07-22 04:10:51,259 [INFO] PluginManager:213 - loadIPPluginJar : add comp
2022-07-22 04:10:51,262 [INFO] IPUIPlugin:75 - create IPUIPlugin
2022-07-22 04:10:51,262 [INFO] PluginManager:213 - loadIPPluginJar : add cryp
2022-07-22 04:10:51,266 [INFO] IPUIPlugin:75 - create IPUIPlugin
2022-07-22 04:10:51,267 [INFO] PluginManager:213 - loadIPPluginJar : add dfsdm
2022-07-22 04:10:51,274 [INFO] IPUIPlugin:75 - create IPUIPlugin
2022-07-22 04:10:51,274 [INFO] PluginManager:213 - loadIPPluginJar : add dma
2022-07-22 04:10:51,277 [INFO] IPUIPlugin:75 - create IPUIPlugin
2022-07-22 04:10:51,277 [INFO] PluginManager:213 - loadIPPluginJar : add dma3
2022-07-22 04:10:51,280 [INFO] IPUIPlugin:75 - create IPUIPlugin
2022-07-22 04:10:51,280 [INFO] PluginManager:213 - loadIPPluginJar : add fatfs
2022-07-22 04:10:51,288 [INFO] IPUIPlugin:75 - create IPUIPlugin
2022-07-22 04:10:51,288 [INFO] PluginManager:213 - loadIPPluginJar : add fmc
2022-07-22 04:10:51,297 [INFO] IPUIPlugin:75 - create IPUIPlugin
2022-07-22 04:10:51,298 [INFO] PluginManager:213 - loadIPPluginJar : add freertos
2022-07-22 04:10:51,300 [INFO] IPUIPlugin:75 - create IPUIPlugin
2022-07-22 04:10:51,300 [INFO] PluginManager:213 - loadIPPluginJar : add genericplugin
2022-07-22 04:10:51,303 [INFO] IPUIPlugin:75 - create IPUIPlugin
2022-07-22 04:10:51,304 [INFO] PluginManager:213 - loadIPPluginJar : add gfxmmu
2022-07-22 04:10:51,311 [INFO] IPUIPlugin:75 - create IPUIPlugin
2022-07-22 04:10:51,312 [INFO] PluginManager:213 - loadIPPluginJar : add gic
2022-07-22 04:10:51,319 [INFO] IPUIPlugin:75 - create IPUIPlugin
2022-07-22 04:10:51,319 [INFO] PluginManager:213 - loadIPPluginJar : add gpio
2022-07-22 04:10:51,324 [INFO] IPUIPlugin:75 - create IPUIPlugin
2022-07-22 04:10:51,324 [INFO] PluginManager:213 - loadIPPluginJar : add gtzc
2022-07-22 04:10:51,329 [INFO] IPUIPlugin:75 - create IPUIPlugin
2022-07-22 04:10:51,329 [INFO] PluginManager:213 - loadIPPluginJar : add hash
2022-07-22 04:10:51,333 [INFO] IPUIPlugin:75 - create IPUIPlugin
2022-07-22 04:10:51,334 [INFO] PluginManager:213 - loadIPPluginJar : add i2c
2022-07-22 04:10:51,338 [INFO] IPUIPlugin:75 - create IPUIPlugin
2022-07-22 04:10:51,338 [INFO] PluginManager:213 - loadIPPluginJar : add i2s
2022-07-22 04:10:51,343 [INFO] IPUIPlugin:75 - create IPUIPlugin
2022-07-22 04:10:51,343 [INFO] PluginManager:213 - loadIPPluginJar : add ipddr
2022-07-22 04:10:51,356 [INFO] IPUIPlugin:75 - create IPUIPlugin
2022-07-22 04:10:51,356 [INFO] PluginManager:213 - loadIPPluginJar : add linkedlist
2022-07-22 04:10:51,361 [INFO] IPUIPlugin:75 - create IPUIPlugin
2022-07-22 04:10:51,361 [INFO] PluginManager:213 - loadIPPluginJar : add lorawan
2022-07-22 04:10:51,363 [INFO] IPUIPlugin:75 - create IPUIPlugin
2022-07-22 04:10:51,364 [INFO] PluginManager:213 - loadIPPluginJar : add ltdc
2022-07-22 04:10:51,373 [INFO] IPUIPlugin:75 - create IPUIPlugin
2022-07-22 04:10:51,374 [INFO] PluginManager:213 - loadIPPluginJar : add mdma
2022-07-22 04:10:51,378 [INFO] IPUIPlugin:75 - create IPUIPlugin
2022-07-22 04:10:51,379 [INFO] PluginManager:213 - loadIPPluginJar : add nvic
2022-07-22 04:10:51,383 [INFO] IPUIPlugin:75 - create IPUIPlugin
2022-07-22 04:10:51,383 [INFO] PluginManager:213 - loadIPPluginJar : add opamp
2022-07-22 04:10:51,389 [INFO] IPUIPlugin:75 - create IPUIPlugin
2022-07-22 04:10:51,390 [INFO] PluginManager:213 - loadIPPluginJar : add openamp
2022-07-22 04:10:51,394 [INFO] IPUIPlugin:75 - create IPUIPlugin
2022-07-22 04:10:51,395 [INFO] PluginManager:213 - loadIPPluginJar : add pdm2pcm
2022-07-22 04:10:51,403 [INFO] IPUIPlugin:75 - create IPUIPlugin
2022-07-22 04:10:51,409 [INFO] PluginManager:213 - loadIPPluginJar : add plateformsettings
2022-07-22 04:10:51,412 [INFO] IPUIPlugin:75 - create IPUIPlugin
2022-07-22 04:10:51,413 [INFO] PluginManager:213 - loadIPPluginJar : add quadspi
2022-07-22 04:10:51,418 [INFO] IPUIPlugin:75 - create IPUIPlugin
2022-07-22 04:10:51,419 [INFO] PluginManager:213 - loadIPPluginJar : add resmgrutility
2022-07-22 04:10:51,424 [INFO] IPUIPlugin:75 - create IPUIPlugin
2022-07-22 04:10:51,424 [INFO] PluginManager:213 - loadIPPluginJar : add sai
2022-07-22 04:10:51,427 [INFO] IPUIPlugin:75 - create IPUIPlugin
2022-07-22 04:10:51,428 [INFO] PluginManager:213 - loadIPPluginJar : add spi
2022-07-22 04:10:51,433 [INFO] IPUIPlugin:75 - create IPUIPlugin
2022-07-22 04:10:51,433 [INFO] PluginManager:213 - loadIPPluginJar : add stm32_wpan
2022-07-22 04:10:51,436 [INFO] IPUIPlugin:75 - create IPUIPlugin
2022-07-22 04:10:51,436 [INFO] PluginManager:213 - loadIPPluginJar : add tim
2022-07-22 04:10:51,441 [INFO] IPUIPlugin:75 - create IPUIPlugin
2022-07-22 04:10:51,441 [INFO] PluginManager:213 - loadIPPluginJar : add touchsensing
2022-07-22 04:10:51,444 [INFO] IPUIPlugin:75 - create IPUIPlugin
2022-07-22 04:10:51,444 [INFO] PluginManager:213 - loadIPPluginJar : add tracer_emb
2022-07-22 04:10:51,447 [INFO] IPUIPlugin:75 - create IPUIPlugin
2022-07-22 04:10:51,447 [INFO] PluginManager:213 - loadIPPluginJar : add ts
2022-07-22 04:10:51,451 [INFO] IPUIPlugin:75 - create IPUIPlugin
2022-07-22 04:10:51,451 [INFO] PluginManager:213 - loadIPPluginJar : add tsc
2022-07-22 04:10:51,454 [INFO] IPUIPlugin:75 - create IPUIPlugin
2022-07-22 04:10:51,454 [INFO] PluginManager:213 - loadIPPluginJar : add ucpd
2022-07-22 04:10:51,458 [INFO] IPUIPlugin:75 - create IPUIPlugin
2022-07-22 04:10:51,459 [INFO] PluginManager:213 - loadIPPluginJar : add usart
2022-07-22 04:10:51,508 [INFO] IPUIPlugin:75 - create IPUIPlugin
2022-07-22 04:10:51,508 [INFO] PluginManager:213 - loadIPPluginJar : add usbx
2022-07-22 04:10:51,936 [FATAL] Updater:297 - Updater called before beeing initialized
2022-07-22 04:10:52,093 [FATAL] Updater:297 - Updater called before beeing initialized
2022-07-22 04:10:52,101 [INFO] DbMcusAds:47 - JSON generation date=Thu Sep 30 13:55:09 ICT 2021 (1632984909377)
2022-07-22 04:10:52,102 [FATAL] Updater:297 - Updater called before beeing initialized
2022-07-22 04:10:52,158 [WARN] DetailPanel:320 - Failed to get advertising image, set to default
2022-07-22 04:10:52,289 [FATAL] Updater:297 - Updater called before beeing initialized
2022-07-22 04:10:52,290 [FATAL] Updater:297 - Updater called before beeing initialized
2022-07-22 04:10:52,291 [FATAL] Updater:297 - Updater called before beeing initialized
2022-07-22 04:10:52,291 [WARN] DetailPanel:320 - Failed to get advertising image, set to default
2022-07-22 04:10:52,292 [FATAL] Updater:297 - Updater called before beeing initialized
2022-07-22 04:10:52,383 [INFO] Updater:1026 - Updater Version found : 6.5.0
2022-07-22 04:10:52,410 [INFO] ApplicationProperties:181 - Using Application install path: C:\ST\STM32CubeIDE_1.9.0\STM32CubeIDE\plugins\com.st.stm32cube.common.mx_6.5.0.202202251913
2022-07-22 04:10:52,956 [INFO] MainUpdater:2729 - connection check result : 10
2022-07-22 04:10:52,957 [INFO] MainUpdater:276 - Updater Check For Update Now.
2022-07-22 04:10:52,958 [INFO] MicroXplorer:477 - Change Database Version : DB.6.0.50
2022-07-22 04:10:53,167 [INFO] CheckServerUpdateThread:115 - End of CheckServer Thread
2022-07-22 04:10:53,185 [INFO] MainUpdater:2729 - connection check result : 10
2022-07-22 04:10:53,620 [INFO] McuFinderGlobals:52 - Set McuFinderConnectedMode to true
2022-07-22 04:10:53,637 [INFO] MultiScanPanel:195 - Auto-refresh data requested => check proxy status ongoing
2022-07-22 04:10:53,650 [INFO] FinderPluginLoader:87 - Searching for filters in installed packs
2022-07-22 04:10:53,885 [WARN] PackLoader:238 - Cannot read IP mode file for wolfSSL.I-CUBE-wolfSSL.5.2.0
2022-07-22 04:10:53,916 [WARN] PackLoader:238 - Cannot read IP mode file for STMicroelectronics.X-CUBE-GNSS1.6.0.0
2022-07-22 04:10:54,063 [INFO] ApiDb:567 - Connected to CubeFinder SQLite database (C:\Users\MY COMPUTER\.stmcufinder\plugins\mcufinder\mcu\cube-finder-db.db)
2022-07-22 04:10:54,096 [WARN] PackLoader:238 - Cannot read IP mode file for STMicroelectronics.X-CUBE-MEMS1.9.2.0
2022-07-22 04:10:54,127 [INFO] ApiDb:654 - CubeFinder database Data Model version=2.1
2022-07-22 04:10:54,128 [INFO] ApiDb:655 - CubeFinder database Configuration version=3.0.32
2022-07-22 04:10:54,128 [INFO] ApiDb:656 - CubeFinder database generation date=2022-07-13 (1657716335)
2022-07-22 04:10:54,128 [INFO] ApiDb:657 - CubeFinder database FW Pack versions=[STM32Cube_FW_C0_V1.0.0, STM32Cube_FW_F4_V1.27.1, STM32Cube_FW_F7_V1.17.0, STM32Cube_FW_G0_V1.6.1, STM32Cube_FW_G4_V1.5.0, STM32Cube_FW_H7_V1.10.0, STM32Cube_FW_L5_V1.4.0, STM32Cube_FW_U5_V1.1.1, STM32Cube_FW_WB_V1.14.0, STM32Cube_FW_WL_V1.2.0, X-CUBE-ALGOBUILD_V1.3.0, X-CUBE-ALS_V1.0.1, X-CUBE-AZRTOS-F4_V1.0.0, X-CUBE-AZRTOS-F7_V1.1.0, X-CUBE-AZRTOS-G0_V1.1.0, X-CUBE-AZRTOS-G4_V1.0.0, X-CUBE-AZRTOS-H7_V2.1.0, X-CUBE-AZRTOS-L4_V1.0.0, X-CUBE-AZRTOS-L5_V1.0.0, X-CUBE-AZRTOS-WL_V1.0.0, X-CUBE-BLE1_V6.2.3, X-CUBE-BLE2_V3.3.0, X-CUBE-EEPRMA1_V3.1.1, X-CUBE-GNSS1_V6.0.0, X-CUBE-MEMS1_V9.1.0, X-CUBE-NFC4_V2.0.3, X-CUBE-NFC7_V1.0.0, X-CUBE-SFXS2LP1_V3.1.0, X-CUBE-SUBG2_V5.0.0]
2022-07-22 04:10:54,612 [WARN] PackLoader:238 - Cannot read IP mode file for STMicroelectronics.X-CUBE-AZRTOS-F7.1.1.0
2022-07-22 04:10:54,624 [WARN] PackLoader:238 - Cannot read IP mode file for STMicroelectronics.X-CUBE-AI.7.1.0
2022-07-22 04:10:54,632 [WARN] PackLoader:238 - Cannot read IP mode file for STMicroelectronics.X-CUBE-TOUCHGFX.4.19.1
2022-07-22 04:10:54,641 [WARN] PackLoader:238 - Cannot read IP mode file for STMicroelectronics.X-CUBE-BLE1.6.2.3
2022-07-22 04:10:54,647 [WARN] PackLoader:238 - Cannot read IP mode file for STMicroelectronics.X-CUBE-BLE1.6.2.2
2022-07-22 04:10:54,655 [WARN] PackLoader:238 - Cannot read IP mode file for STMicroelectronics.X-CUBE-NFC4.2.0.4
2022-07-22 04:10:54,664 [WARN] PackLoader:238 - Cannot read IP mode file for STMicroelectronics.X-CUBE-BLE2.3.2.2
2022-07-22 04:10:54,671 [WARN] PackLoader:238 - Cannot read IP mode file for STMicroelectronics.X-CUBE-NFC4.2.0.3
2022-07-22 04:10:54,676 [WARN] PackLoader:238 - Cannot read IP mode file for STMicroelectronics.X-CUBE-TOUCHGFX.4.19.0
2022-07-22 04:10:54,698 [WARN] PackLoader:238 - Cannot read IP mode file for STMicroelectronics.X-CUBE-TOF1.3.1.0
2022-07-22 04:10:54,725 [WARN] PackLoader:238 - Cannot read IP mode file for STMicroelectronics.X-CUBE-SFXS2LP1.3.1.0
2022-07-22 04:10:54,782 [WARN] PackLoader:238 - Cannot read IP mode file for STMicroelectronics.X-CUBE-AZRTOS-F4.1.0.0
2022-07-22 04:10:54,794 [WARN] PackLoader:238 - Cannot read IP mode file for STMicroelectronics.X-CUBE-NFC7.1.0.0
2022-07-22 04:10:54,828 [WARN] PackLoader:238 - Cannot read IP mode file for STMicroelectronics.X-CUBE-SUBG2.4.2.0
2022-07-22 04:10:54,852 [WARN] PackLoader:238 - Cannot read IP mode file for STMicroelectronics.X-CUBE-AI.7.2.0
2022-07-22 04:10:54,894 [WARN] PackLoader:238 - Cannot read IP mode file for STMicroelectronics.X-CUBE-AZRTOS-G0.1.0.0
2022-07-22 04:10:54,907 [WARN] PackLoader:238 - Cannot read IP mode file for STMicroelectronics.X-CUBE-SFXS2LP1.4.0.0
2022-07-22 04:10:54,914 [WARN] PackLoader:238 - Cannot read IP mode file for STMicroelectronics.X-CUBE-BLE2.3.3.0
2022-07-22 04:10:54,929 [WARN] PackLoader:238 - Cannot read IP mode file for STMicroelectronics.X-CUBE-DISPLAY.2.2.0
2022-07-22 04:10:54,963 [WARN] PackLoader:238 - Cannot read IP mode file for STMicroelectronics.X-CUBE-TOUCHGFX.4.18.1
2022-07-22 04:10:54,976 [WARN] PackLoader:238 - Cannot read IP mode file for RoweBots.I-CUBE-UNISONRTOS.5.5.0-4
2022-07-22 04:10:55,040 [WARN] PackLoader:238 - Cannot read IP mode file for STMicroelectronics.X-CUBE-AZRTOS-H7.2.1.0
2022-07-22 04:10:55,056 [WARN] PackLoader:238 - Cannot read IP mode file for STMicroelectronics.X-CUBE-BLEMGR.1.0.0
2022-07-22 04:10:55,094 [WARN] PackLoader:238 - Cannot read IP mode file for STMicroelectronics.X-CUBE-ALGOBUILD.1.3.0
2022-07-22 04:10:55,139 [WARN] PackLoader:238 - Cannot read IP mode file for STMicroelectronics.X-CUBE-AZRTOS-G0.1.1.0
2022-07-22 04:10:55,157 [WARN] PackLoader:238 - Cannot read IP mode file for STMicroelectronics.X-CUBE-SUBG2.5.0.0
2022-07-22 04:10:55,231 [WARN] PackLoader:238 - Cannot read IP mode file for SEGGER.I-CUBE-embOS.1.2.0
2022-07-22 04:10:55,310 [WARN] PackLoader:238 - Cannot read IP mode file for STMicroelectronics.X-CUBE-DISPLAY.2.1.0
2022-07-22 04:10:55,320 [WARN] PackLoader:238 - Cannot read IP mode file for STMicroelectronics.FP-ATR-ASTRA1.1.1.0
2022-07-22 04:10:55,345 [WARN] PackLoader:238 - Cannot read IP mode file for STMicroelectronics.X-CUBE-AZRTOS-H7.2.0.0
2022-07-22 04:10:55,370 [WARN] PackLoader:238 - Cannot read IP mode file for STMicroelectronics.X-CUBE-AZRTOS-G4.1.0.0
2022-07-22 04:10:55,400 [WARN] PackLoader:238 - Cannot read IP mode file for STMicroelectronics.X-CUBE-AZRTOS-L4.1.0.0
2022-07-22 04:10:55,416 [WARN] PackLoader:238 - Cannot read IP mode file for emotas.I-CUBE-CANOPEN.1.1.2
2022-07-22 04:10:55,421 [WARN] PackLoader:238 - Cannot read IP mode file for STMicroelectronics.X-CUBE-TOUCHGFX.4.20.0
2022-07-22 04:10:55,465 [WARN] PackLoader:238 - Cannot read IP mode file for STMicroelectronics.X-CUBE-AZRTOS-F7.1.0.0
2022-07-22 04:10:55,486 [WARN] PackLoader:238 - Cannot read IP mode file for STMicroelectronics.X-CUBE-AZRTOS-WL.1.0.0
2022-07-22 04:10:55,583 [WARN] PackLoader:238 - Cannot read IP mode file for STMicroelectronics.X-CUBE-MEMS1.9.1.0
2022-07-22 04:10:55,739 [WARN] PackLoader:238 - Cannot read IP mode file for portGmbH.I-Cube-SoM-uGOAL.1.1.0
2022-07-22 04:10:55,745 [WARN] PackLoader:238 - Cannot read IP mode file for STMicroelectronics.X-CUBE-ALS.1.0.1
2022-07-22 04:10:55,774 [WARN] PackLoader:238 - Cannot read IP mode file for STMicroelectronics.X-CUBE-AZRTOS-L5.1.0.0
2022-07-22 04:10:55,783 [WARN] PackLoader:238 - Cannot read IP mode file for STMicroelectronics.X-CUBE-EEPRMA1.3.1.1
2022-07-22 04:10:55,791 [WARN] PackLoader:238 - Cannot read IP mode file for STMicroelectronics.X-CUBE-GNSS1.5.2.0
2022-07-22 04:10:55,824 [WARN] PackLoader:238 - Cannot read IP mode file for STMicroelectronics.X-CUBE-DISPLAY.2.0.1
2022-07-22 04:10:55,833 [WARN] PackLoader:238 - Cannot read IP mode file for STMicroelectronics.X-CUBE-TOF1.3.0.0
2022-07-22 04:10:55,837 [INFO] ThirdParty:925 - Integrity check success = true
2022-07-22 04:10:55,838 [INFO] IntegrityCheckThread:94 - exiting critical section [integrity check]
2022-07-22 04:10:55,838 [INFO] IntegrityCheckThread:97 - End integrity checks thread
2022-07-22 04:10:57,551 [INFO] ApiDb:212 - Found 97 in-development CPN: [NUCLEO-C031C6, STM32C0116-DK, STM32C011D6Y3TR, STM32C011D6Y6TR, STM32C011F4P3, STM32C011F4P6, STM32C011F4U3, STM32C011F4U6TR, STM32C011F6P3, STM32C011F6P6, STM32C011F6U3, STM32C011F6U6TR, STM32C011J4M3, STM32C011J4M6, STM32C011J6M3, STM32C011J6M6, STM32C0316-DK, STM32C031C4T3, STM32C031C4T6, STM32C031C4U3, STM32C031C4U6, STM32C031C6T3, STM32C031C6T6, STM32C031C6U3, STM32C031C6U6, STM32C031F4P3, STM32C031F4P6, STM32C031F6P3, STM32C031F6P6, STM32C031G4U3, STM32C031G4U6, STM32C031G6U3, STM32C031G6U6, STM32C031K4T3, STM32C031K4T6, STM32C031K4U3, STM32C031K4U6, STM32C031K6T3, STM32C031K6T6, STM32C031K6U3, STM32C031K6U6, STM32G071K8TXN, STM32G071K8UXN, STM32G081GBU6N, STM32G081KBT6N, STM32G081KBUXN, STM32G0B1CCT6N, STM32G0B1KCT6, STM32G0B1NEY6, STM32G0B1NEY6TR, STM32G0B1RCT6N, STM32G0C1CCT6, STM32G0C1CCT6N, STM32G0C1CCU6N, STM32G0C1CET6N, STM32G0C1CEU6N, STM32G0C1KCT6, STM32G0C1NEY6TR, STM32G0C1RCI6N, STM32G0C1RCT6N, STM32G0C1REI6N, STM32G0C1RET6N, STM32G0C1VCI6, STM32G0C1VEI6, STM32G471CCT6, STM32G471CCU6, STM32G471CET3, STM32G471CET6, STM32G471CEU3, STM32G471CEU6, STM32G471MCT6, STM32G471MET3, STM32G471MET6, STM32G471MEY6TR, STM32G471QCT6, STM32G471QET3, STM32G471RCT6, STM32G471RET3, STM32G471RET6, STM32G471VCH6, STM32G471VCI6, STM32G471VCT6, STM32G471VEH3, STM32G471VEH6, STM32G471VEI3, STM32G471VEI6, STM32G471VET3, STM32G471VET6, STM32G474CCT6, STM32L4R5QGI6STR, STM32U595ZJT6Q, STM32U599BJY6QTR, STM32U599NIH6Q, STM32U599NJH6Q, STM32U5A5ZJT6Q, STM32U5A9BJY6QTR, STM32U5A9NJH6Q]
2022-07-22 04:10:57,557 [INFO] DbMcus:201 - Found 3505 MCUs, 3505 are supported
2022-07-22 04:10:57,562 [INFO] ApiDb:407 - Load user favorites file C:\Users\MY COMPUTER/.stm32cubeide/favorites.mcus.txt: 0 item(s)
2022-07-22 04:10:57,562 [INFO] ApiDb:411 - User favorites MCUs=[]
2022-07-22 04:10:57,562 [INFO] DbMcus:207 - Set 0 / 0 favorites MCUs
2022-07-22 04:10:59,644 [INFO] LoadUrlFilesThread:173 - End of LoadServerUrlFiles without Thread
2022-07-22 04:10:59,706 [INFO] DetailPanel:315 - Set advertising image to C:/Users/MY COMPUTER/STM32Cube/Repository/\en.Prom_NBSTM32U50921.jpg
2022-07-22 04:11:00,953 [INFO] MultiScanPanel:787 - Auto Refresh Data is not needed
2022-07-22 04:11:00,965 [INFO] ApiDb:654 - CubeFinder database Data Model version=2.1
2022-07-22 04:11:00,965 [INFO] ApiDb:655 - CubeFinder database Configuration version=3.0.32
2022-07-22 04:11:00,965 [INFO] ApiDb:656 - CubeFinder database generation date=2022-07-13 (1657716335)
2022-07-22 04:11:00,966 [INFO] ApiDb:657 - CubeFinder database FW Pack versions=[STM32Cube_FW_C0_V1.0.0, STM32Cube_FW_F4_V1.27.1, STM32Cube_FW_F7_V1.17.0, STM32Cube_FW_G0_V1.6.1, STM32Cube_FW_G4_V1.5.0, STM32Cube_FW_H7_V1.10.0, STM32Cube_FW_L5_V1.4.0, STM32Cube_FW_U5_V1.1.1, STM32Cube_FW_WB_V1.14.0, STM32Cube_FW_WL_V1.2.0, X-CUBE-ALGOBUILD_V1.3.0, X-CUBE-ALS_V1.0.1, X-CUBE-AZRTOS-F4_V1.0.0, X-CUBE-AZRTOS-F7_V1.1.0, X-CUBE-AZRTOS-G0_V1.1.0, X-CUBE-AZRTOS-G4_V1.0.0, X-CUBE-AZRTOS-H7_V2.1.0, X-CUBE-AZRTOS-L4_V1.0.0, X-CUBE-AZRTOS-L5_V1.0.0, X-CUBE-AZRTOS-WL_V1.0.0, X-CUBE-BLE1_V6.2.3, X-CUBE-BLE2_V3.3.0, X-CUBE-EEPRMA1_V3.1.1, X-CUBE-GNSS1_V6.0.0, X-CUBE-MEMS1_V9.1.0, X-CUBE-NFC4_V2.0.3, X-CUBE-NFC7_V1.0.0, X-CUBE-SFXS2LP1_V3.1.0, X-CUBE-SUBG2_V5.0.0]
2022-07-22 04:11:01,081 [INFO] DbBoardsSqlite:220 - include board P-NUCLEO-WB55-NUCLEO as a kit item of type 'Nucleo-64'
2022-07-22 04:11:01,082 [INFO] DbBoardsSqlite:220 - include board P-NUCLEO-WB55-USBDONGLE as a kit item of type 'Nucleo USB Dongle'
2022-07-22 04:11:01,082 [INFO] DbBoardsSqlite:220 - include board STEVAL-IDP005V1 as a kit item of type 'Evaluation Board'
2022-07-22 04:11:01,083 [INFO] DbBoardsSqlite:220 - include board STEVAL-IDP005V2 as a kit item of type 'Evaluation Board'
2022-07-22 04:11:01,099 [INFO] ApiDb:212 - Found 97 in-development CPN: [NUCLEO-C031C6, STM32C0116-DK, STM32C011D6Y3TR, STM32C011D6Y6TR, STM32C011F4P3, STM32C011F4P6, STM32C011F4U3, STM32C011F4U6TR, STM32C011F6P3, STM32C011F6P6, STM32C011F6U3, STM32C011F6U6TR, STM32C011J4M3, STM32C011J4M6, STM32C011J6M3, STM32C011J6M6, STM32C0316-DK, STM32C031C4T3, STM32C031C4T6, STM32C031C4U3, STM32C031C4U6, STM32C031C6T3, STM32C031C6T6, STM32C031C6U3, STM32C031C6U6, STM32C031F4P3, STM32C031F4P6, STM32C031F6P3, STM32C031F6P6, STM32C031G4U3, STM32C031G4U6, STM32C031G6U3, STM32C031G6U6, STM32C031K4T3, STM32C031K4T6, STM32C031K4U3, STM32C031K4U6, STM32C031K6T3, STM32C031K6T6, STM32C031K6U3, STM32C031K6U6, STM32G071K8TXN, STM32G071K8UXN, STM32G081GBU6N, STM32G081KBT6N, STM32G081KBUXN, STM32G0B1CCT6N, STM32G0B1KCT6, STM32G0B1NEY6, STM32G0B1NEY6TR, STM32G0B1RCT6N, STM32G0C1CCT6, STM32G0C1CCT6N, STM32G0C1CCU6N, STM32G0C1CET6N, STM32G0C1CEU6N, STM32G0C1KCT6, STM32G0C1NEY6TR, STM32G0C1RCI6N, STM32G0C1RCT6N, STM32G0C1REI6N, STM32G0C1RET6N, STM32G0C1VCI6, STM32G0C1VEI6, STM32G471CCT6, STM32G471CCU6, STM32G471CET3, STM32G471CET6, STM32G471CEU3, STM32G471CEU6, STM32G471MCT6, STM32G471MET3, STM32G471MET6, STM32G471MEY6TR, STM32G471QCT6, STM32G471QET3, STM32G471RCT6, STM32G471RET3, STM32G471RET6, STM32G471VCH6, STM32G471VCI6, STM32G471VCT6, STM32G471VEH3, STM32G471VEH6, STM32G471VEI3, STM32G471VEI6, STM32G471VET3, STM32G471VET6, STM32G474CCT6, STM32L4R5QGI6STR, STM32U595ZJT6Q, STM32U599BJY6QTR, STM32U599NIH6Q, STM32U599NJH6Q, STM32U5A5ZJT6Q, STM32U5A9BJY6QTR, STM32U5A9NJH6Q]
2022-07-22 04:11:01,264 [INFO] BoardInfo:872 - No configuration file found for board P-NUCLEO-WB55
2022-07-22 04:11:01,264 [INFO] DbBoards:144 - Kit is not supported: P-NUCLEO-WB55
2022-07-22 04:11:01,270 [INFO] BoardInfo:872 - No configuration file found for board STEVAL-ASTRA1B
2022-07-22 04:11:01,271 [INFO] DbBoards:144 - Board is not supported: STEVAL-ASTRA1B
2022-07-22 04:11:01,272 [INFO] BoardInfo:872 - No configuration file found for board STEVAL-BFA001V1B
2022-07-22 04:11:01,273 [INFO] DbBoards:144 - Kit is not supported: STEVAL-BFA001V1B
2022-07-22 04:11:01,274 [INFO] BoardInfo:872 - No configuration file found for board STEVAL-BFA001V2B
2022-07-22 04:11:01,275 [INFO] DbBoards:144 - Kit is not supported: STEVAL-BFA001V2B
2022-07-22 04:11:01,447 [INFO] DbBoards:148 - Found 173 boards, 169 are supported
2022-07-22 04:11:01,454 [INFO] ApiDb:407 - Load user favorites file C:\Users\MY COMPUTER/.stm32cubeide/favorites.boards.txt: 0 item(s)
2022-07-22 04:11:01,455 [INFO] ApiDb:411 - User favorites Boards=[]
2022-07-22 04:11:01,455 [INFO] DbBoards:174 - Set 0 / 0 favorites Boards
2022-07-22 04:11:05,667 [INFO] MultiScanPanel:195 - Auto-refresh data requested => check proxy status ongoing
2022-07-22 04:11:05,848 [INFO] LoadUrlFilesThread:173 - End of LoadServerUrlFiles without Thread
2022-07-22 04:11:05,848 [INFO] DetailPanel:315 - Set advertising image to C:/Users/MY COMPUTER/STM32Cube/Repository/\en.Prom_NBSTM32U50921.jpg
2022-07-22 04:11:05,863 [INFO] DbBoards:259 - Loading board mini-images...
2022-07-22 04:11:06,109 [ERROR] DbBoards:279 - No image file defined for board NUCLEO-C031C6
2022-07-22 04:11:07,788 [ERROR] DbBoards:276 - Image file not found for board P-L496G-CELL01: C:\ST\STM32CubeIDE_1.9.0\STM32CubeIDE\plugins\com.st.stm32cube.common.mx_6.5.0.202202251913\\db\/plugins/mcufinder/images/boards/P-L496G-CELL01.jpg
2022-07-22 04:11:07,828 [ERROR] DbBoards:276 - Image file not found for board STEVAL-ASTRA1B: C:\ST\STM32CubeIDE_1.9.0\STM32CubeIDE\plugins\com.st.stm32cube.common.mx_6.5.0.202202251913\\db\/plugins/mcufinder/images/boards/STEVAL-ASTRA1B_Image.jpg
2022-07-22 04:11:07,896 [ERROR] DbBoards:279 - No image file defined for board STM32091C-EVAL
2022-07-22 04:11:07,896 [ERROR] DbBoards:279 - No image file defined for board STM32100E-EVAL
2022-07-22 04:11:07,896 [ERROR] DbBoards:279 - No image file defined for board STM3210C-EVAL
2022-07-22 04:11:07,908 [ERROR] DbBoards:279 - No image file defined for board STM3221G-EVAL
2022-07-22 04:11:07,908 [ERROR] DbBoards:279 - No image file defined for board STM32303C-EVAL
2022-07-22 04:11:07,990 [ERROR] DbBoards:279 - No image file defined for board STM32479I-EVAL
2022-07-22 04:11:07,990 [ERROR] DbBoards:279 - No image file defined for board STM32746G-EVAL2
2022-07-22 04:11:07,997 [ERROR] DbBoards:279 - No image file defined for board STM32C0116-DK
2022-07-22 04:11:07,997 [ERROR] DbBoards:279 - No image file defined for board STM32C0316-DK
2022-07-22 04:11:08,029 [ERROR] DbBoards:279 - No image file defined for board STM32F401C-DISCO
2022-07-22 04:11:08,079 [ERROR] DbBoards:279 - No image file defined for board STM32F7308-DK
2022-07-22 04:11:08,119 [ERROR] DbBoards:279 - No image file defined for board STM32F779I-EVAL
2022-07-22 04:11:08,569 [ERROR] DbBoards:279 - No image file defined for board STM32H747I-EVAL
2022-07-22 04:11:08,871 [ERROR] DbBoards:279 - No image file defined for board STM32L-DISCOVERY
2022-07-22 04:11:08,970 [ERROR] DbBoards:279 - No image file defined for board STM32L152D-EVAL
2022-07-22 04:11:10,022 [INFO] DbBoards:282 - Loaded 155 board mini-images
2022-07-22 04:11:10,306 [INFO] MultiScanPanel:787 - Auto Refresh Data is not needed
2022-07-22 04:11:52,202 [INFO] McuFinderGlobals:52 - Set McuFinderConnectedMode to true
2022-07-22 04:11:52,212 [INFO] ApiDb:432 - Save user favorites file C:\Users\MY COMPUTER/.stm32cubeide/favorites.mcus.txt: 0 item(s)
2022-07-22 04:11:52,213 [INFO] ApiDb:436 - User favorites MCUs=[]
2022-07-22 04:11:52,220 [INFO] ApiDb:432 - Save user favorites file C:\Users\MY COMPUTER/.stm32cubeide/favorites.boards.txt: 0 item(s)
2022-07-22 04:11:52,221 [INFO] ApiDb:436 - User favorites Boards=[]
2022-07-25 18:28:54,819 [INFO] Activator:177 - 


2022-07-25 18:28:54,826 [INFO] Activator:178 - !SESSION log4j initialized
2022-07-26 04:56:33,484 [INFO] Activator:177 - 


2022-07-26 04:56:33,487 [INFO] Activator:178 - !SESSION log4j initialized
